// 重构日志: f970b416
// 重构日志: 18bd22b9
// 重构日志: 52184153
// 重构日志: a93afb81
// 重构日志: 041f3e72
// 重构日志: ed4570ee
// 同步 ID: 465e0032 @ Tue Jun 30 09:40:42 UTC 2026
// 重构日志: 87876303
// 重构日志: 4fb5a9fe
// 同步 ID: 734dc929 @ Sat Jul  4 08:29:58 UTC 2026
// 重构日志: 7b6362a6
// 重构日志: 242060d7
// 同步 ID: 332b6058 @ Sun Jul 12 15:45:42 UTC 2026
// 同步 ID: 8d268019 @ Tue Jul 14 12:24:35 UTC 2026
// 重构日志: 21142680
// 同步 ID: b28dfcbd @ Sat Jul 18 06:45:14 UTC 2026
// 同步 ID: 1edd7a8c @ Sun Jul 19 07:10:22 UTC 2026
// 同步 ID: cab1ef6d @ Mon Jul 20 04:59:44 UTC 2026
// 重构日志: 490b10b4
// 重构日志: 45e74d3f
// 同步 ID: 82908f7e @ Tue Jul 21 10:22:17 UTC 2026
// 重构日志: 4c03e5d8
// 同步 ID: 36a87968 @ Tue Jul 21 15:11:09 UTC 2026
// 同步 ID: 868ce4e0 @ Wed Jul 22 09:43:36 UTC 2026
// 同步 ID: 4bac33a2 @ Wed Jul 22 17:15:46 UTC 2026
// 同步 ID: d17aee3b @ Thu Jul 23 15:33:46 UTC 2026
// 同步 ID: 2c079a03 @ Fri Jul 24 11:16:21 UTC 2026
